<?xml version="1.0" encoding="UTF-8"?>
<testng-results ignored="0" total="2" passed="2" failed="0" skipped="0">
  <reporter-output>
  </reporter-output>
  <suite started-at="2024-06-23T22:30:19 IST" name="Suite" finished-at="2024-06-23T22:30:34 IST" duration-ms="14937">
    <groups>
    </groups>
    <test started-at="2024-06-23T22:30:19 IST" name="Testing on Edge" finished-at="2024-06-23T22:30:32 IST" duration-ms="12909">
      <class name="selenium_Amazon.Google_Parallel">
        <test-method signature="testcase1(java.lang.String)[pri:0, instance:selenium_Amazon.Google_Parallel@649bec2e]" started-at="2024-06-23T22:30:19 IST" name="testcase1" finished-at="2024-06-23T22:30:32 IST" duration-ms="12800" status="PASS">
          <params>
            <param index="0">
              <value>
                <![CDATA[edge]]>
              </value>
            </param>
          </params>
          <reporter-output>
          </reporter-output>
        </test-method> <!-- testcase1 -->
      </class> <!-- selenium_Amazon.Google_Parallel -->
    </test> <!-- Testing on Edge -->
    <test started-at="2024-06-23T22:30:19 IST" name="Testing on  chrome" finished-at="2024-06-23T22:30:34 IST" duration-ms="14937">
      <class name="selenium_Amazon.Google_Parallel">
        <test-method signature="testcase1(java.lang.String)[pri:0, instance:selenium_Amazon.Google_Parallel@1da2cb77]" started-at="2024-06-23T22:30:19 IST" name="testcase1" finished-at="2024-06-23T22:30:34 IST" duration-ms="14854" status="PASS">
          <params>
            <param index="0">
              <value>
                <![CDATA[chrome]]>
              </value>
            </param>
          </params>
          <reporter-output>
          </reporter-output>
        </test-method> <!-- testcase1 -->
      </class> <!-- selenium_Amazon.Google_Parallel -->
    </test> <!-- Testing on  chrome -->
  </suite> <!-- Suite -->
</testng-results>
