<?xml version="1.0" encoding="UTF-8"?>
<!-- Generated by org.testng.reporters.JUnitXMLReporter -->
<testsuite ignored="5" hostname="DESKTOP-M9M5V5Q" failures="0" tests="0" time="0.035" errors="0" timestamp="2024-06-26T00:56:41 IST">
  <testcase classname="selenium_Amazon.Grouping_Test" name="testcase3" time="0.0">
    <ignored/>
  </testcase> <!-- testcase3 -->
  <testcase classname="selenium_Amazon.Grouping_Test" name="testcase4" time="0.0">
    <ignored/>
  </testcase> <!-- testcase4 -->
  <testcase classname="selenium_Amazon.Grouping_Test" name="testcase2" time="0.0">
    <ignored/>
  </testcase> <!-- testcase2 -->
  <testcase classname="selenium_Amazon.Grouping_Test" name="testcase5" time="0.0">
    <ignored/>
  </testcase> <!-- testcase5 -->
  <testcase classname="selenium_Amazon.Grouping_Test" name="testcase1" time="0.0">
    <ignored/>
  </testcase> <!-- testcase1 -->
</testsuite>
